2022-03-11 10:24:50.263 [main] INFO  com.demo.DemoApplication - Starting DemoApplication using Java 1.8.0_301 on USER-20210724ZM with PID 25820 (D:\Box\workspace\idea_box\playground\playground\target\classes started by Administrator in D:\Box\workspace\idea_box\playground)
2022-03-11 10:24:50.267 [main] INFO  com.demo.DemoApplication - No active profile set, falling back to 1 default profile: "default"
2022-03-11 10:24:51.173 [main] INFO  o.s.d.r.config.RepositoryConfigurationDelegate - Multiple Spring Data modules found, entering strict repository configuration mode!
2022-03-11 10:24:51.176 [main] INFO  o.s.d.r.config.RepositoryConfigurationDelegate - Bootstrapping Spring Data Redis repositories in DEFAULT mode.
2022-03-11 10:24:51.211 [main] INFO  o.s.d.r.config.RepositoryConfigurationDelegate - Finished Spring Data repository scanning in 11 ms. Found 0 Redis repository interfaces.
2022-03-11 10:24:51.784 [main] INFO  o.s.boot.web.embedded.tomcat.TomcatWebServer - Tomcat initialized with port(s): 8082 (http)
2022-03-11 10:24:51.796 [main] INFO  org.apache.coyote.http11.Http11NioProtocol - Initializing ProtocolHandler ["http-nio-8082"]
2022-03-11 10:24:51.797 [main] INFO  org.apache.catalina.core.StandardService - Starting service [Tomcat]
2022-03-11 10:24:51.798 [main] INFO  org.apache.catalina.core.StandardEngine - Starting Servlet engine: [Apache Tomcat/9.0.58]
2022-03-11 10:24:51.911 [main] INFO  o.a.c.core.ContainerBase.[Tomcat].[localhost].[/] - Initializing Spring embedded WebApplicationContext
2022-03-11 10:24:51.912 [main] INFO  o.s.b.w.s.c.ServletWebServerApplicationContext - Root WebApplicationContext: initialization completed in 1579 ms
2022-03-11 10:24:52.793 [main] INFO  org.apache.coyote.http11.Http11NioProtocol - Starting ProtocolHandler ["http-nio-8082"]
2022-03-11 10:24:52.809 [main] INFO  o.s.boot.web.embedded.tomcat.TomcatWebServer - Tomcat started on port(s): 8082 (http) with context path ''
2022-03-11 10:24:52.818 [main] INFO  com.demo.DemoApplication - Started DemoApplication in 3.311 seconds (JVM running for 4.466)
2022-03-11 10:25:09.135 [http-nio-8082-exec-1] INFO  o.a.c.core.ContainerBase.[Tomcat].[localhost].[/] - Initializing Spring DispatcherServlet 'dispatcherServlet'
2022-03-11 10:25:09.135 [http-nio-8082-exec-1] INFO  org.springframework.web.servlet.DispatcherServlet - Initializing Servlet 'dispatcherServlet'
2022-03-11 10:25:09.136 [http-nio-8082-exec-1] INFO  org.springframework.web.servlet.DispatcherServlet - Completed initialization in 1 ms
2022-03-11 10:39:38.622 [main] INFO  com.demo.DemoApplication - Starting DemoApplication using Java 1.8.0_301 on USER-20210724ZM with PID 14820 (D:\Box\workspace\idea_box\playground\playground\target\classes started by Administrator in D:\Box\workspace\idea_box\playground)
2022-03-11 10:39:38.626 [main] INFO  com.demo.DemoApplication - No active profile set, falling back to 1 default profile: "default"
2022-03-11 10:39:39.360 [main] INFO  o.s.d.r.config.RepositoryConfigurationDelegate - Multiple Spring Data modules found, entering strict repository configuration mode!
2022-03-11 10:39:39.363 [main] INFO  o.s.d.r.config.RepositoryConfigurationDelegate - Bootstrapping Spring Data Redis repositories in DEFAULT mode.
2022-03-11 10:39:39.386 [main] INFO  o.s.d.r.config.RepositoryConfigurationDelegate - Finished Spring Data repository scanning in 8 ms. Found 0 Redis repository interfaces.
2022-03-11 10:39:39.730 [main] INFO  o.s.boot.web.embedded.tomcat.TomcatWebServer - Tomcat initialized with port(s): 8082 (http)
2022-03-11 10:39:39.737 [main] INFO  org.apache.coyote.http11.Http11NioProtocol - Initializing ProtocolHandler ["http-nio-8082"]
2022-03-11 10:39:39.737 [main] INFO  org.apache.catalina.core.StandardService - Starting service [Tomcat]
2022-03-11 10:39:39.738 [main] INFO  org.apache.catalina.core.StandardEngine - Starting Servlet engine: [Apache Tomcat/9.0.58]
2022-03-11 10:39:39.813 [main] INFO  o.a.c.core.ContainerBase.[Tomcat].[localhost].[/] - Initializing Spring embedded WebApplicationContext
2022-03-11 10:39:39.814 [main] INFO  o.s.b.w.s.c.ServletWebServerApplicationContext - Root WebApplicationContext: initialization completed in 1126 ms
2022-03-11 10:39:40.388 [main] INFO  org.apache.coyote.http11.Http11NioProtocol - Starting ProtocolHandler ["http-nio-8082"]
2022-03-11 10:39:40.401 [main] INFO  o.s.boot.web.embedded.tomcat.TomcatWebServer - Tomcat started on port(s): 8082 (http) with context path ''
2022-03-11 10:39:40.409 [main] INFO  com.demo.DemoApplication - Started DemoApplication in 2.388 seconds (JVM running for 3.239)
2022-03-11 11:23:50.283 [main] INFO  com.demo.DemoApplication - Starting DemoApplication using Java 1.8.0_301 on USER-20210724ZM with PID 23384 (D:\Box\workspace\idea_box\playground\playground\target\classes started by Administrator in D:\Box\workspace\idea_box\playground)
2022-03-11 11:23:50.288 [main] INFO  com.demo.DemoApplication - No active profile set, falling back to 1 default profile: "default"
2022-03-11 11:23:51.168 [main] INFO  o.s.d.r.config.RepositoryConfigurationDelegate - Multiple Spring Data modules found, entering strict repository configuration mode!
2022-03-11 11:23:51.171 [main] INFO  o.s.d.r.config.RepositoryConfigurationDelegate - Bootstrapping Spring Data Redis repositories in DEFAULT mode.
2022-03-11 11:23:51.199 [main] INFO  o.s.d.r.config.RepositoryConfigurationDelegate - Finished Spring Data repository scanning in 12 ms. Found 0 Redis repository interfaces.
2022-03-11 11:23:51.755 [main] INFO  o.s.boot.web.embedded.tomcat.TomcatWebServer - Tomcat initialized with port(s): 8082 (http)
2022-03-11 11:23:51.764 [main] INFO  org.apache.coyote.http11.Http11NioProtocol - Initializing ProtocolHandler ["http-nio-8082"]
2022-03-11 11:23:51.765 [main] INFO  org.apache.catalina.core.StandardService - Starting service [Tomcat]
2022-03-11 11:23:51.766 [main] INFO  org.apache.catalina.core.StandardEngine - Starting Servlet engine: [Apache Tomcat/9.0.58]
2022-03-11 11:23:51.843 [main] INFO  o.a.c.core.ContainerBase.[Tomcat].[localhost].[/] - Initializing Spring embedded WebApplicationContext
2022-03-11 11:23:51.843 [main] INFO  o.s.b.w.s.c.ServletWebServerApplicationContext - Root WebApplicationContext: initialization completed in 1495 ms
2022-03-11 11:23:53.024 [main] INFO  org.apache.coyote.http11.Http11NioProtocol - Starting ProtocolHandler ["http-nio-8082"]
2022-03-11 11:23:53.046 [main] INFO  o.s.boot.web.embedded.tomcat.TomcatWebServer - Tomcat started on port(s): 8082 (http) with context path ''
2022-03-11 11:23:53.054 [main] INFO  com.demo.DemoApplication - Started DemoApplication in 3.579 seconds (JVM running for 4.52)
